\BOOKMARK [1][-]{section*.2}{\376\377\000\315\000n\000d\000i\000c\000e\000\040\000d\000e\000\040\000f\000i\000g\000u\000r\000a\000s}{}% 1
\BOOKMARK [1][-]{section*.3}{\376\377\000\315\000n\000d\000i\000c\000e\000\040\000d\000e\000\040\000c\000u\000a\000d\000r\000o\000s}{}% 2
\BOOKMARK [2][-]{section*.4}{\376\377\000E\000j\000e\000r\000c\000i\000c\000i\000o\000\040\0001}{section*.3}% 3
\BOOKMARK [3][-]{section*.5}{\376\377\000R\000o\000m\000e\000r\000\040\0009\000.\0001}{section*.4}% 4
\BOOKMARK [3][-]{section*.6}{\376\377\000R\000o\000m\000e\000r\000\040\0009\000.\0004}{section*.4}% 5
\BOOKMARK [3][-]{section*.7}{\376\377\000R\000o\000m\000e\000r\000\040\0009\000.\0008}{section*.4}% 6
\BOOKMARK [3][-]{section*.8}{\376\377\000R\000o\000m\000e\000r\000\040\0009\000.\0001\0001}{section*.4}% 7
\BOOKMARK [1][-]{section*.9}{\376\377\000E\000j\000e\000r\000c\000i\000c\000i\000o\000s\000\040\000p\000r\000\341\000c\000t\000i\000c\000o\000s}{}% 8
\BOOKMARK [2][-]{section*.10}{\376\377\000E\000j\000e\000r\000c\000i\000c\000i\000o\000\040\0002\000.\000-}{section*.9}% 9
\BOOKMARK [3][-]{section*.11}{\376\377\000\050\000a\000\051}{section*.10}% 10
\BOOKMARK [3][-]{section*.12}{\376\377\000\050\000b\000\051}{section*.10}% 11
\BOOKMARK [3][-]{section*.13}{\376\377\000\050\000c\000\051}{section*.10}% 12
\BOOKMARK [3][-]{section*.14}{\376\377\000\050\000d\000\051}{section*.10}% 13
\BOOKMARK [3][-]{section*.15}{\376\377\000\050\000e\000\051}{section*.10}% 14
\BOOKMARK [3][-]{section*.16}{\376\377\000\050\000f\000\051}{section*.10}% 15
\BOOKMARK [3][-]{section*.17}{\376\377\000\050\000g\000\051}{section*.10}% 16
\BOOKMARK [2][-]{section*.18}{\376\377\000E\000j\000e\000r\000c\000i\000c\000i\000o\000\040\0003\000.\000-}{section*.9}% 17
\BOOKMARK [3][-]{section*.19}{\376\377\000\050\000a\000\051}{section*.18}% 18
\BOOKMARK [3][-]{section*.20}{\376\377\000\050\000b\000\051}{section*.18}% 19
\BOOKMARK [3][-]{section*.21}{\376\377\000\050\000c\000\051}{section*.18}% 20
\BOOKMARK [3][-]{section*.22}{\376\377\000\050\000d\000\051}{section*.18}% 21
\BOOKMARK [3][-]{section*.23}{\376\377\000\050\000e\000\051}{section*.18}% 22
\BOOKMARK [3][-]{section*.24}{\376\377\000\050\000f\000\051}{section*.18}% 23
\BOOKMARK [3][-]{section*.25}{\376\377\000\050\000g\000\051}{section*.18}% 24
\BOOKMARK [3][-]{section*.26}{\376\377\000\050\000h\000\051}{section*.18}% 25
\BOOKMARK [3][-]{section*.27}{\376\377\000\050\000i\000\051}{section*.18}% 26
\BOOKMARK [2][-]{section*.28}{\376\377\000E\000j\000e\000r\000c\000i\000c\000i\000o\000\040\0004\000.\000-}{section*.9}% 27
